2024/02/26 20:18:42 || GET       | connect web site.                       | /top
2024/02/28 01:41:29 || GET       | connect web site.                       | /top
2024/02/28 02:30:00 || GET       | connect web site.                       | /top
2024/02/28 16:58:20 || GET       | connect web site.                       | /top
2024/02/28 17:29:37 || GET       | connect web site.                       | /top
2024/02/28 18:32:34 || GET       | connect web site.                       | /administrator
2024/02/28 18:32:43 || GET       | connect web site.                       | /administrator_to_do
2024/02/28 18:32:44 || GET       | connect web site.                       | /form_to_do
2024/02/28 18:32:57 || POST      | add data success!                       | /form_to_do
2024/02/28 18:32:57 || GET       | connect web site.                       | /administrator
2024/02/28 18:33:02 || GET       | connect web site.                       | /top
2024/02/28 18:33:03 || GET       | connect web site.                       | /to_do
2024/02/28 18:33:09 || GET       | connect web site.                       | /administrator
2024/02/28 18:33:14 || GET       | connect web site.                       | /administrator_to_do
2024/02/28 18:33:17 || GET       | connect web site. ID = 1                | /1/update_to_do
2024/02/28 18:33:21 || POST      | update data success! ID = 1             | /1/update_to_do
2024/02/28 18:33:22 || GET       | connect web site.                       | /administrator_to_do
2024/02/28 18:35:43 || GET       | connect web site.                       | /top
2024/02/28 18:35:47 || GET       | connect web site.                       | /administrator
2024/02/28 18:38:15 || GET       | connect web site.                       | /top
2024/02/28 18:38:23 || GET       | connect web site.                       | /administrator
2024/02/28 18:38:52 || GET       | connect web site.                       | /top
2024/02/28 18:39:59 || GET       | connect web site.                       | /top
2024/02/28 18:40:28 || GET       | connect web site.                       | /administrator
2024/02/28 18:40:36 || GET       | connect web site.                       | /administrator_to_do
2024/02/28 18:42:37 || GET       | connect web site.                       | /top
2024/02/28 18:42:40 || GET       | connect web site.                       | /to_do
2024/02/28 18:43:54 || GET       | connect web site.                       | /to_do
2024/02/28 18:43:57 || GET       | connect web site.                       | /top
2024/02/28 18:44:07 || GET       | connect web site.                       | /to_do
2024/02/29 22:42:20 || GET       | connect web site.                       | /top
2024/02/29 22:43:42 || GET       | connect web site.                       | /top
2024/02/29 22:43:47 || GET       | connect web site.                       | /to_do
2024/02/29 22:44:54 || GET       | connect web site.                       | /administrator
2024/02/29 22:44:56 || GET       | connect web site.                       | /administrator_to_do
2024/02/29 22:45:48 || GET       | connect web site.                       | /administrator_to_do
2024/02/29 22:45:50 || GET       | connect web site. ID = 1                | /1/update_to_do
2024/03/01 12:16:27 || GET       | connect web site.                       | /top
2024/03/01 12:18:02 || GET       | connect web site.                       | /top
2024/03/01 12:18:22 || GET       | connect web site.                       | /top
2024/03/01 12:18:50 || GET       | connect web site.                       | /top
2024/03/01 12:19:54 || GET       | connect web site.                       | /top
2024/03/01 12:20:13 || GET       | connect web site.                       | /top
2024/03/01 12:20:28 || GET       | connect web site.                       | /top
2024/03/01 12:21:28 || GET       | connect web site.                       | /top
2024/03/01 12:24:31 || GET       | connect web site.                       | /top
2024/03/01 12:24:48 || GET       | connect web site.                       | /top
2024/03/01 12:25:36 || GET       | connect web site.                       | /top
2024/03/01 12:29:19 || GET       | connect web site.                       | /top
2024/03/01 12:39:08 || GET       | connect web site.                       | /top
2024/03/01 12:39:50 || GET       | connect web site.                       | /top
2024/03/01 12:39:52 || GET       | connect web site.                       | /top
2024/03/01 12:41:40 || GET       | connect web site.                       | /top
2024/03/01 12:42:17 || GET       | connect web site.                       | /top
2024/03/01 12:42:38 || GET       | connect web site.                       | /top
2024/03/01 12:42:58 || GET       | connect web site.                       | /top
2024/03/01 12:43:56 || GET       | connect web site.                       | /top
2024/03/01 12:44:16 || GET       | connect web site.                       | /top
2024/03/01 12:44:32 || GET       | connect web site.                       | /top
2024/03/01 12:45:28 || GET       | connect web site.                       | /top
2024/03/01 12:46:51 || GET       | connect web site.                       | /top
2024/03/01 12:47:48 || GET       | connect web site.                       | /top
2024/03/01 12:48:28 || GET       | connect web site.                       | /top
2024/03/01 12:48:34 || GET       | connect web site.                       | /top
2024/03/01 12:50:50 || GET       | connect web site.                       | /top
2024/03/01 12:51:17 || GET       | connect web site.                       | /top
2024/03/01 12:51:39 || GET       | connect web site.                       | /top
2024/03/01 12:52:05 || GET       | connect web site.                       | /top
2024/03/01 12:54:12 || GET       | connect web site.                       | /top
2024/03/01 12:55:34 || GET       | connect web site.                       | /top
2024/03/01 12:55:50 || GET       | connect web site.                       | /top
2024/03/01 12:56:35 || GET       | connect web site.                       | /top
2024/03/01 12:56:53 || GET       | connect web site.                       | /top
2024/03/01 12:57:30 || GET       | connect web site.                       | /top
2024/03/01 13:31:20 || GET       | connect web site.                       | /top
2024/03/01 13:35:07 || GET       | connect web site.                       | /top
2024/03/01 13:36:15 || GET       | connect web site.                       | /top
2024/03/01 13:36:37 || GET       | connect web site.                       | /top
2024/03/01 13:38:06 || GET       | connect web site.                       | /top
2024/03/01 13:38:37 || GET       | connect web site.                       | /top
2024/03/01 13:39:02 || GET       | connect web site.                       | /top
2024/03/01 13:40:13 || GET       | connect web site.                       | /top
2024/03/01 13:40:30 || GET       | connect web site.                       | /top
2024/03/01 13:40:54 || GET       | connect web site.                       | /top
2024/03/01 13:41:24 || GET       | connect web site.                       | /top
2024/03/01 13:41:45 || GET       | connect web site.                       | /top
2024/03/01 13:42:00 || GET       | connect web site.                       | /top
2024/03/01 13:43:56 || GET       | connect web site.                       | /top
2024/03/01 13:44:09 || GET       | connect web site.                       | /top
2024/03/01 13:44:25 || GET       | connect web site.                       | /top
2024/03/01 13:44:50 || GET       | connect web site.                       | /top
2024/03/01 13:45:10 || GET       | connect web site.                       | /top
2024/03/01 13:45:47 || GET       | connect web site.                       | /top
2024/03/01 13:46:13 || GET       | connect web site.                       | /top
2024/03/01 13:46:38 || GET       | connect web site.                       | /top
2024/03/01 13:46:51 || GET       | connect web site.                       | /top
2024/03/01 13:47:12 || GET       | connect web site.                       | /top
2024/03/01 13:47:28 || GET       | connect web site.                       | /top
2024/03/01 13:47:47 || GET       | connect web site.                       | /top
2024/03/01 13:48:40 || GET       | connect web site.                       | /top
